<?xml version="1.0" encoding="UTF-8"?>
<testng-results ignored="0" total="2" passed="2" failed="0" skipped="0">
  <reporter-output>
  </reporter-output>
  <suite started-at="2023-07-09T12:33:46 IST" name="Suite" finished-at="2023-07-09T12:34:15 IST" duration-ms="28908">
    <groups>
      <group name="regression">
        <method signature="Accountregpage.test_account()[pri:0, instance:testcases.Accountregpage@f6efaab]" name="test_account" class="testcases.Accountregpage"/>
      </group> <!-- regression -->
      <group name="sanity">
        <method signature="Loginpage.test_loginpage()[pri:0, instance:testcases.Loginpage@35d019a3]" name="test_loginpage" class="testcases.Loginpage"/>
      </group> <!-- sanity -->
      <group name="master">
        <method signature="Accountregpage.test_account()[pri:0, instance:testcases.Accountregpage@f6efaab]" name="test_account" class="testcases.Accountregpage"/>
        <method signature="Loginpage.test_loginpage()[pri:0, instance:testcases.Loginpage@35d019a3]" name="test_loginpage" class="testcases.Loginpage"/>
      </group> <!-- master -->
    </groups>
    <test started-at="2023-07-09T12:33:46 IST" name="Test" finished-at="2023-07-09T12:34:15 IST" duration-ms="28908">
      <class name="testcases.Accountregpage">
        <test-method is-config="true" signature="setup(java.lang.String)[pri:0, instance:testcases.Accountregpage@f6efaab]" started-at="2023-07-09T12:33:46 IST" name="setup" finished-at="2023-07-09T12:33:53 IST" duration-ms="7070" status="PASS">
          <params>
            <param index="0">
              <value>
                <![CDATA[chrome]]>
              </value>
            </param>
          </params>
          <reporter-output>
          </reporter-output>
        </test-method> <!-- setup -->
        <test-method signature="test_account()[pri:0, instance:testcases.Accountregpage@f6efaab]" started-at="2023-07-09T12:33:53 IST" name="test_account" finished-at="2023-07-09T12:33:58 IST" duration-ms="5232" status="PASS">
          <reporter-output>
          </reporter-output>
        </test-method> <!-- test_account -->
        <test-method is-config="true" signature="teardown()[pri:0, instance:testcases.Accountregpage@f6efaab]" started-at="2023-07-09T12:33:58 IST" name="teardown" finished-at="2023-07-09T12:33:59 IST" duration-ms="236" status="PASS">
          <reporter-output>
          </reporter-output>
        </test-method> <!-- teardown -->
      </class> <!-- testcases.Accountregpage -->
      <class name="testcases.Loginpage">
        <test-method is-config="true" signature="setup(java.lang.String)[pri:0, instance:testcases.Loginpage@35d019a3]" started-at="2023-07-09T12:33:59 IST" name="setup" finished-at="2023-07-09T12:34:04 IST" duration-ms="5278" status="PASS">
          <params>
            <param index="0">
              <value>
                <![CDATA[chrome]]>
              </value>
            </param>
          </params>
          <reporter-output>
          </reporter-output>
        </test-method> <!-- setup -->
        <test-method signature="test_loginpage()[pri:0, instance:testcases.Loginpage@35d019a3]" started-at="2023-07-09T12:34:04 IST" name="test_loginpage" finished-at="2023-07-09T12:34:14 IST" duration-ms="10563" status="PASS">
          <reporter-output>
          </reporter-output>
        </test-method> <!-- test_loginpage -->
        <test-method is-config="true" signature="teardown()[pri:0, instance:testcases.Loginpage@35d019a3]" started-at="2023-07-09T12:34:14 IST" name="teardown" finished-at="2023-07-09T12:34:15 IST" duration-ms="250" status="PASS">
          <reporter-output>
          </reporter-output>
        </test-method> <!-- teardown -->
      </class> <!-- testcases.Loginpage -->
    </test> <!-- Test -->
  </suite> <!-- Suite -->
</testng-results>
