<?xml version="1.0" encoding="UTF-8"?>
<testng-results ignored="1" total="2" passed="1" failed="0" skipped="0">
  <reporter-output>
  </reporter-output>
  <suite started-at="2023-07-09T10:42:27 IST" name="Suite" finished-at="2023-07-09T10:42:45 IST" duration-ms="17971">
    <groups>
      <group name="sanity">
        <method signature="Loginpage.test_loginpage()[pri:0, instance:testcases.Loginpage@1bd4fdd]" name="test_loginpage" class="testcases.Loginpage"/>
      </group> <!-- sanity -->
      <group name="master">
        <method signature="Loginpage.test_loginpage()[pri:0, instance:testcases.Loginpage@1bd4fdd]" name="test_loginpage" class="testcases.Loginpage"/>
      </group> <!-- master -->
    </groups>
    <test started-at="2023-07-09T10:42:27 IST" name="Test" finished-at="2023-07-09T10:42:45 IST" duration-ms="17971">
      <class name="testcases.Loginpage">
        <test-method is-config="true" signature="setup(java.lang.String)[pri:0, instance:testcases.Loginpage@1bd4fdd]" started-at="2023-07-09T10:42:28 IST" name="setup" finished-at="2023-07-09T10:42:34 IST" duration-ms="6742" status="PASS">
          <params>
            <param index="0">
              <value>
                <![CDATA[chrome]]>
              </value>
            </param>
          </params>
          <reporter-output>
          </reporter-output>
        </test-method> <!-- setup -->
        <test-method signature="test_loginpage()[pri:0, instance:testcases.Loginpage@1bd4fdd]" started-at="2023-07-09T10:42:34 IST" name="test_loginpage" finished-at="2023-07-09T10:42:45 IST" duration-ms="10541" status="PASS">
          <reporter-output>
          </reporter-output>
        </test-method> <!-- test_loginpage -->
        <test-method is-config="true" signature="teardown()[pri:0, instance:testcases.Loginpage@1bd4fdd]" started-at="2023-07-09T10:42:45 IST" name="teardown" finished-at="2023-07-09T10:42:45 IST" duration-ms="388" status="PASS">
          <reporter-output>
          </reporter-output>
        </test-method> <!-- teardown -->
      </class> <!-- testcases.Loginpage -->
    </test> <!-- Test -->
  </suite> <!-- Suite -->
</testng-results>
